\BOOKMARK [1][-]{section.1}{TAD LinkLinkIT}{}
\BOOKMARK [2][-]{subsubsection.1.0.1}{Modulo de linkLinkIT}{section.1}
\BOOKMARK [3][-]{subsubsection.1.0.2}{Operaciones B\341sicas}{subsubsection.1.0.1}
\BOOKMARK [2][-]{subsection.1.1}{Pautas de Implementaci\363n}{section.1}
\BOOKMARK [3][-]{subsubsection.1.1.1}{Estructura de Representaci\363n}{subsection.1.1}
\BOOKMARK [3][-]{subsubsection.1.1.2}{Invariante de Representaci\363n}{subsection.1.1}
\BOOKMARK [3][-]{subsubsection.1.1.3}{Funci\363n de Abstraccion}{subsection.1.1}
\BOOKMARK [3][-]{subsubsection.1.1.4}{Algoritmos}{subsection.1.1}
\BOOKMARK [2][-]{subsection.1.2}{Descripcion de Complejidades de Algoritmos}{section.1}
\BOOKMARK [1][-]{section.2}{TAD ArbolDeCategorias}{}
\BOOKMARK [2][-]{subsubsection.2.0.1}{Modulo de Arbol de Categorias}{section.2}
\BOOKMARK [3][-]{subsubsection.2.0.2}{Operaciones B\341sicas}{subsubsection.2.0.1}
\BOOKMARK [2][-]{subsection.2.1}{Pautas de Implementaci\363n}{section.2}
\BOOKMARK [3][-]{subsubsection.2.1.1}{Estructura de Representaci\363n}{subsection.2.1}
\BOOKMARK [3][-]{subsubsection.2.1.2}{Invariante de Representaci\363n}{subsection.2.1}
\BOOKMARK [3][-]{subsubsection.2.1.3}{Funci\363n de Abstraccion}{subsection.2.1}
\BOOKMARK [3][-]{subsubsection.2.1.4}{Algoritmos}{subsection.2.1}
\BOOKMARK [2][-]{subsection.2.2}{Descripcion de Complejidades de Algoritmos}{section.2}
\BOOKMARK [1][-]{section.3}{Modulo DiccTrie}{}
\BOOKMARK [2][-]{subsubsection.3.0.1}{Invariante de Representaci\363n}{section.3}
\BOOKMARK [3][-]{paragraph.3.0.1.1}{El Invariante Informalmente}{subsubsection.3.0.1}
\BOOKMARK [4][-]{paragraph.3.0.1.2}{El Invariante Formalmente}{paragraph.3.0.1.1}
\BOOKMARK [4][-]{paragraph.3.0.1.3}{Funciones auxiliares}{paragraph.3.0.1.1}
\BOOKMARK [3][-]{subsubsection.3.0.2}{Funci\363n de Abstracci\363n}{subsubsection.3.0.1}
\BOOKMARK [4][-]{paragraph.3.0.2.1}{Funciones auxiliares}{subsubsection.3.0.2}
\BOOKMARK [1][-]{section.4}{Modulo itLista}{}
\BOOKMARK [2][-]{subsubsection.4.0.3}{Interfaz}{section.4}
\BOOKMARK [3][-]{subsubsection.4.0.4}{Representaci\363n}{subsubsection.4.0.3}
\BOOKMARK [3][-]{subsubsection.4.0.5}{Invariante de Representaci\363n}{subsubsection.4.0.3}
\BOOKMARK [4][-]{paragraph.4.0.5.1}{El Invariante Formalmente}{subsubsection.4.0.5}
\BOOKMARK [3][-]{subsubsection.4.0.6}{Funci\363n de Abstracci\363n}{subsubsection.4.0.3}
\BOOKMARK [3][-]{subsubsection.4.0.7}{Algoritmos}{subsubsection.4.0.3}
\BOOKMARK [3][-]{subsubsection.4.0.8}{Analisis de complejidades}{subsubsection.4.0.3}
\BOOKMARK [1][-]{section.5}{Modulo itConj}{}
\BOOKMARK [2][-]{subsubsection.5.0.9}{Interfaz}{section.5}
\BOOKMARK [3][-]{subsubsection.5.0.10}{Representaci\363n}{subsubsection.5.0.9}
\BOOKMARK [3][-]{subsubsection.5.0.11}{Invariante de Representaci\363n}{subsubsection.5.0.9}
\BOOKMARK [4][-]{paragraph.5.0.11.1}{El Invariante Formalmente}{subsubsection.5.0.11}
\BOOKMARK [3][-]{subsubsection.5.0.12}{Funci\363n de Abstracci\363n}{subsubsection.5.0.9}
\BOOKMARK [3][-]{subsubsection.5.0.13}{Algoritmos}{subsubsection.5.0.9}
\BOOKMARK [3][-]{subsubsection.5.0.14}{Analisis de complejidades}{subsubsection.5.0.9}
\BOOKMARK [1][-]{section.6}{Renombres}{}
